error: 10-25-2022 19:23:52: 	Error: connect ECONNREFUSED 212.27.63.202:3306
    at Object.createConnection (D:\projets\web\tabibi\node_modules\mysql2\promise.js:242:31)
    at initialize (D:\projets\web\tabibi\db\dbMysql2.js:19:36)
    at Object.<anonymous> (D:\projets\web\tabibi\db\dbMysql2.js:7:1)
    at Module._compile (node:internal/modules/cjs/loader:1097:14)
    at Object.Module._extensions..js (node:internal/modules/cjs/loader:1149:10)
    at Module.load (node:internal/modules/cjs/loader:975:32)
    at Function.Module._load (node:internal/modules/cjs/loader:822:12)
    at Module.require (node:internal/modules/cjs/loader:999:19)
    at require (node:internal/modules/cjs/helpers:102:18)
    at Object.<anonymous> (D:\projets\web\tabibi\praticien\adresse.service.js:1:12)
error: 10-25-2022 19:27:44: 	Error: connect ECONNREFUSED 212.27.63.202:3306
    at Object.createConnection (D:\projets\web\tabibi\node_modules\mysql2\promise.js:242:31)
    at initialize (D:\projets\web\tabibi\db\dbMysql2.js:19:36)
    at Object.<anonymous> (D:\projets\web\tabibi\db\dbMysql2.js:7:1)
    at Module._compile (node:internal/modules/cjs/loader:1097:14)
    at Object.Module._extensions..js (node:internal/modules/cjs/loader:1149:10)
    at Module.load (node:internal/modules/cjs/loader:975:32)
    at Function.Module._load (node:internal/modules/cjs/loader:822:12)
    at Module.require (node:internal/modules/cjs/loader:999:19)
    at require (node:internal/modules/cjs/helpers:102:18)
    at Object.<anonymous> (D:\projets\web\tabibi\praticien\adresse.service.js:1:12)
error: 10-25-2022 19:30:06: 	Error: connect ECONNREFUSED 212.27.63.202:3306
    at Object.createConnection (D:\projets\web\tabibi\node_modules\mysql2\promise.js:242:31)
    at initialize (D:\projets\web\tabibi\db\dbMysql2.js:19:36)
    at Object.<anonymous> (D:\projets\web\tabibi\db\dbMysql2.js:7:1)
    at Module._compile (node:internal/modules/cjs/loader:1097:14)
    at Object.Module._extensions..js (node:internal/modules/cjs/loader:1149:10)
    at Module.load (node:internal/modules/cjs/loader:975:32)
    at Function.Module._load (node:internal/modules/cjs/loader:822:12)
    at Module.require (node:internal/modules/cjs/loader:999:19)
    at require (node:internal/modules/cjs/helpers:102:18)
    at Object.<anonymous> (D:\projets\web\tabibi\praticien\adresse.service.js:1:12)
